 
:: initializing oneAPI environment ...
   slurm_script: BASH_VERSION = 4.2.46(2)-release
:: ccl -- latest
:: clck -- latest
:: compiler -- latest
:: debugger -- latest
:: dev-utilities -- latest
:: inspector -- latest
:: ipp -- latest
:: itac -- latest
:: mkl -- latest
:: mpi -- latest
:: tbb -- latest
:: oneAPI environment initialized ::
 
start test cmaq
Start Model Run At  Thu Aug 3 09:15:04 UTC 2023

Working Directory is /users/oko001/cmaq_oper_scripts/CMAQ_v5.3.3_oper/CCTM/scripts
Build Directory is /users/oko001/cmaq_oper_scripts/CMAQ_v5.3.3_oper/CCTM/scripts/BLD_CCTM_v533_intel_opr
Output Directory is /data/users/oko001/cmaq_oper_data/cmaq_out/output_CCTM_v533_intel_2023_00_0_p_24
Log Directory is /data/users/oko001/cmaq_oper_data/cmaq_out/output_CCTM_v533_intel_2023_00_0_p_24/LOGS
Executable Name is CCTM_v533.exe

---CMAQ EXECUTION ID: CMAQ_CCTMv533_oko001_20230803_091504_509678001 ---

Set up input and output files for Day 2023-08-03.

Existing Logs and Output Files for Day 2023-08-03 Will Be Deleted
/bin/rm: No match.

CMAQ Processing of Day 20230803 Began at Thu Aug  3 09:15:04 UTC 2023

/users/oko001/cmaq_oper_scripts/CMAQ_v5.3.3_oper/CCTM/scripts/BLD_CCTM_v533_intel_opr/CCTM_v533.exe: error while loading shared libraries: libnetcdff.so.7: cannot open shared object file: No such file or directory
/users/oko001/cmaq_oper_scripts/CMAQ_v5.3.3_oper/CCTM/scripts/BLD_CCTM_v533_intel_opr/CCTM_v533.exe: error while loading shared libraries: libnetcdff.so.7: cannot open shared object file: No such file or directory
/users/oko001/cmaq_oper_scripts/CMAQ_v5.3.3_oper/CCTM/scripts/BLD_CCTM_v533_intel_opr/CCTM_v533.exe: error while loading shared libraries: libnetcdff.so.7: cannot open shared object file: No such file or directory
/users/oko001/cmaq_oper_scripts/CMAQ_v5.3.3_oper/CCTM/scripts/BLD_CCTM_v533_intel_opr/CCTM_v533.exe: error while loading shared libraries: libnetcdff.so.7: cannot open shared object file: No such file or directory
/users/oko001/cmaq_oper_scripts/CMAQ_v5.3.3_oper/CCTM/scripts/BLD_CCTM_v533_intel_opr/CCTM_v533.exe: error while loading shared libraries: libnetcdff.so.7: cannot open shared object file: No such file or directory
/users/oko001/cmaq_oper_scripts/CMAQ_v5.3.3_oper/CCTM/scripts/BLD_CCTM_v533_intel_opr/CCTM_v533.exe: error while loading shared libraries: libnetcdff.so.7: cannot open shared object file: No such file or directory
/users/oko001/cmaq_oper_scripts/CMAQ_v5.3.3_oper/CCTM/scripts/BLD_CCTM_v533_intel_opr/CCTM_v533.exe: error while loading shared libraries: libnetcdff.so.7: cannot open shared object file: No such file or directory
/users/oko001/cmaq_oper_scripts/CMAQ_v5.3.3_oper/CCTM/scripts/BLD_CCTM_v533_intel_opr/CCTM_v533.exe: error while loading shared libraries: libnetcdff.so.7: cannot open shared object file: No such file or directory
/users/oko001/cmaq_oper_scripts/CMAQ_v5.3.3_oper/CCTM/scripts/BLD_CCTM_v533_intel_opr/CCTM_v533.exe: error while loading shared libraries: libnetcdff.so.7: cannot open shared object file: No such file or directory
/users/oko001/cmaq_oper_scripts/CMAQ_v5.3.3_oper/CCTM/scripts/BLD_CCTM_v533_intel_opr/CCTM_v533.exe: error while loading shared libraries: libnetcdff.so.7: cannot open shared object file: No such file or directory
/users/oko001/cmaq_oper_scripts/CMAQ_v5.3.3_oper/CCTM/scripts/BLD_CCTM_v533_intel_opr/CCTM_v533.exe: error while loading shared libraries: libnetcdff.so.7: cannot open shared object file: No such file or directory
/users/oko001/cmaq_oper_scripts/CMAQ_v5.3.3_oper/CCTM/scripts/BLD_CCTM_v533_intel_opr/CCTM_v533.exe: error while loading shared libraries: libnetcdff.so.7: cannot open shared object file: No such file or directory
/users/oko001/cmaq_oper_scripts/CMAQ_v5.3.3_oper/CCTM/scripts/BLD_CCTM_v533_intel_opr/CCTM_v533.exe: error while loading shared libraries: libnetcdff.so.7: cannot open shared object file: No such file or directory
/users/oko001/cmaq_oper_scripts/CMAQ_v5.3.3_oper/CCTM/scripts/BLD_CCTM_v533_intel_opr/CCTM_v533.exe: error while loading shared libraries: libnetcdff.so.7: cannot open shared object file: No such file or directory
/users/oko001/cmaq_oper_scripts/CMAQ_v5.3.3_oper/CCTM/scripts/BLD_CCTM_v533_intel_opr/CCTM_v533.exe: error while loading shared libraries: libnetcdff.so.7: cannot open shared object file: No such file or directory
/users/oko001/cmaq_oper_scripts/CMAQ_v5.3.3_oper/CCTM/scripts/BLD_CCTM_v533_intel_opr/CCTM_v533.exe: error while loading shared libraries: libnetcdff.so.7: cannot open shared object file: No such file or directory
/users/oko001/cmaq_oper_scripts/CMAQ_v5.3.3_oper/CCTM/scripts/BLD_CCTM_v533_intel_opr/CCTM_v533.exe: error while loading shared libraries: libnetcdff.so.7: cannot open shared object file: No such file or directory
/users/oko001/cmaq_oper_scripts/CMAQ_v5.3.3_oper/CCTM/scripts/BLD_CCTM_v533_intel_opr/CCTM_v533.exe: error while loading shared libraries: libnetcdff.so.7: cannot open shared object file: No such file or directory
/users/oko001/cmaq_oper_scripts/CMAQ_v5.3.3_oper/CCTM/scripts/BLD_CCTM_v533_intel_opr/CCTM_v533.exe: error while loading shared libraries: libnetcdff.so.7: cannot open shared object file: No such file or directory
/users/oko001/cmaq_oper_scripts/CMAQ_v5.3.3_oper/CCTM/scripts/BLD_CCTM_v533_intel_opr/CCTM_v533.exe: error while loading shared libraries: libnetcdff.so.7: cannot open shared object file: No such file or directory
srun: error: hpc3cn216: task 0: Killed
srun: error: hpc3cn226: task 5: Killed
srun: error: hpc3cn220: task 2: Killed
srun: error: hpc3cn222: task 3: Killed
srun: error: hpc3cn218: task 1: Killed
srun: error: hpc3cn224: task 4: Killed
srun: error: hpc3cn228: task 6: Killed
srun: Force Terminated StepId=5191955.0
[mpiexec@hpc3cn216] wait_proxies_to_terminate (../../../../../src/pm/i_hydra/mpiexec/intel/i_mpiexec.c:537): downstream from host hpc3cn216 exited with status 137
tail: cannot open 'buff_CMAQ_CCTMv533_oko001_20230803_091504_509678001.txt' for reading: No such file or directory

**************************************************************
** Runscript Detected an Error: CGRID file was not written. **
**   This indicates that CMAQ was interrupted or an issue   **
**   exists with writing output. The runscript will now     **
**   abort rather than proceeding to subsequent days.       **
**************************************************************
(standard_in) 2: syntax error
(standard_in) 1: syntax error
(standard_in) 1: syntax error

==================================
  ***** CMAQ TIMING REPORT *****
==================================
Start Day: 2023-08-03
End Day:   2023-08-03
Number of Simulation Days: 1
Domain Name:               ala2km_87
Number of Grid Cells:      5994945  (ROW x COL x LAY)
Number of Layers:          33
Number of Processes:       900
   All times are in seconds.

Num  Day        Wall Time
01   2023-08-03   
     Total Time = 
      Avg. Time = 
end test cmaq
